ERROR - 2024-02-20 04:55:33 --> Error connecting to the database: Connection refused
CRITICAL - 2024-02-20 04:55:33 --> Unable to connect to the database.
Main connection [MySQLi]: Connection refused
#0 /home/manggala/freelance/Puskesmas_jember/vendor/codeigniter4/framework/system/Database/BaseConnection.php(577): CodeIgniter\Database\BaseConnection->initialize()
#1 /home/manggala/freelance/Puskesmas_jember/vendor/codeigniter4/framework/system/Database/BaseBuilder.php(1443): CodeIgniter\Database\BaseConnection->query()
#2 /home/manggala/freelance/Puskesmas_jember/vendor/codeigniter4/framework/system/Model.php(183): CodeIgniter\Database\BaseBuilder->get()
#3 /home/manggala/freelance/Puskesmas_jember/vendor/codeigniter4/framework/system/BaseModel.php(584): CodeIgniter\Model->doFindAll()
#4 /home/manggala/freelance/Puskesmas_jember/app/Views/datamaster/pasien.php(8): CodeIgniter\BaseModel->findAll()
#5 /home/manggala/freelance/Puskesmas_jember/vendor/codeigniter4/framework/system/View/View.php(214): include('...')
#6 /home/manggala/freelance/Puskesmas_jember/vendor/codeigniter4/framework/system/View/View.php(217): CodeIgniter\View\View->CodeIgniter\View\{closure}()
#7 /home/manggala/freelance/Puskesmas_jember/vendor/codeigniter4/framework/system/Common.php(1097): CodeIgniter\View\View->render()
#8 /home/manggala/freelance/Puskesmas_jember/app/Controllers/Masterdata.php(12): view()
#9 /home/manggala/freelance/Puskesmas_jember/vendor/codeigniter4/framework/system/CodeIgniter.php(824): App\Controllers\Masterdata->pasien()
#10 /home/manggala/freelance/Puskesmas_jember/vendor/codeigniter4/framework/system/CodeIgniter.php(410): CodeIgniter\CodeIgniter->runController()
#11 /home/manggala/freelance/Puskesmas_jember/vendor/codeigniter4/framework/system/CodeIgniter.php(318): CodeIgniter\CodeIgniter->handleRequest()
#12 /home/manggala/freelance/Puskesmas_jember/public/index.php(37): CodeIgniter\CodeIgniter->run()
#13 /home/manggala/freelance/Puskesmas_jember/vendor/codeigniter4/framework/system/Commands/Server/rewrite.php(43): require_once('...')
#14 {main}
CRITICAL - 2024-02-20 06:58:03 --> explode(): Argument #2 ($string) must be of type string, array given
#0 /home/manggala/freelance/Puskesmas_jember/app/Models/PasienModel.php(51): explode()
#1 /home/manggala/freelance/Puskesmas_jember/app/Views/datamaster/pasien.php(52): App\Models\PasienModel->last()
#2 /home/manggala/freelance/Puskesmas_jember/vendor/codeigniter4/framework/system/View/View.php(214): include('...')
#3 /home/manggala/freelance/Puskesmas_jember/vendor/codeigniter4/framework/system/View/View.php(217): CodeIgniter\View\View->CodeIgniter\View\{closure}()
#4 /home/manggala/freelance/Puskesmas_jember/vendor/codeigniter4/framework/system/Common.php(1097): CodeIgniter\View\View->render()
#5 /home/manggala/freelance/Puskesmas_jember/app/Controllers/Masterdata.php(12): view()
#6 /home/manggala/freelance/Puskesmas_jember/vendor/codeigniter4/framework/system/CodeIgniter.php(824): App\Controllers\Masterdata->pasien()
#7 /home/manggala/freelance/Puskesmas_jember/vendor/codeigniter4/framework/system/CodeIgniter.php(410): CodeIgniter\CodeIgniter->runController()
#8 /home/manggala/freelance/Puskesmas_jember/vendor/codeigniter4/framework/system/CodeIgniter.php(318): CodeIgniter\CodeIgniter->handleRequest()
#9 /home/manggala/freelance/Puskesmas_jember/public/index.php(37): CodeIgniter\CodeIgniter->run()
#10 /home/manggala/freelance/Puskesmas_jember/vendor/codeigniter4/framework/system/Commands/Server/rewrite.php(43): require_once('...')
#11 {main}
CRITICAL - 2024-02-20 06:59:10 --> Attempt to read property "id_rekammedis" on array
#0 /home/manggala/freelance/Puskesmas_jember/app/Models/PasienModel.php(52): CodeIgniter\Debug\Exceptions->errorHandler()
#1 /home/manggala/freelance/Puskesmas_jember/app/Views/datamaster/pasien.php(52): App\Models\PasienModel->last()
#2 /home/manggala/freelance/Puskesmas_jember/vendor/codeigniter4/framework/system/View/View.php(214): include('...')
#3 /home/manggala/freelance/Puskesmas_jember/vendor/codeigniter4/framework/system/View/View.php(217): CodeIgniter\View\View->CodeIgniter\View\{closure}()
#4 /home/manggala/freelance/Puskesmas_jember/vendor/codeigniter4/framework/system/Common.php(1097): CodeIgniter\View\View->render()
#5 /home/manggala/freelance/Puskesmas_jember/app/Controllers/Masterdata.php(12): view()
#6 /home/manggala/freelance/Puskesmas_jember/vendor/codeigniter4/framework/system/CodeIgniter.php(824): App\Controllers\Masterdata->pasien()
#7 /home/manggala/freelance/Puskesmas_jember/vendor/codeigniter4/framework/system/CodeIgniter.php(410): CodeIgniter\CodeIgniter->runController()
#8 /home/manggala/freelance/Puskesmas_jember/vendor/codeigniter4/framework/system/CodeIgniter.php(318): CodeIgniter\CodeIgniter->handleRequest()
#9 /home/manggala/freelance/Puskesmas_jember/public/index.php(37): CodeIgniter\CodeIgniter->run()
#10 /home/manggala/freelance/Puskesmas_jember/vendor/codeigniter4/framework/system/Commands/Server/rewrite.php(43): require_once('...')
#11 {main}
CRITICAL - 2024-02-20 07:00:02 --> Array to string conversion
#0 /home/manggala/freelance/Puskesmas_jember/app/Views/datamaster/pasien.php(52): CodeIgniter\Debug\Exceptions->errorHandler()
#1 /home/manggala/freelance/Puskesmas_jember/vendor/codeigniter4/framework/system/View/View.php(214): include('...')
#2 /home/manggala/freelance/Puskesmas_jember/vendor/codeigniter4/framework/system/View/View.php(217): CodeIgniter\View\View->CodeIgniter\View\{closure}()
#3 /home/manggala/freelance/Puskesmas_jember/vendor/codeigniter4/framework/system/Common.php(1097): CodeIgniter\View\View->render()
#4 /home/manggala/freelance/Puskesmas_jember/app/Controllers/Masterdata.php(12): view()
#5 /home/manggala/freelance/Puskesmas_jember/vendor/codeigniter4/framework/system/CodeIgniter.php(824): App\Controllers\Masterdata->pasien()
#6 /home/manggala/freelance/Puskesmas_jember/vendor/codeigniter4/framework/system/CodeIgniter.php(410): CodeIgniter\CodeIgniter->runController()
#7 /home/manggala/freelance/Puskesmas_jember/vendor/codeigniter4/framework/system/CodeIgniter.php(318): CodeIgniter\CodeIgniter->handleRequest()
#8 /home/manggala/freelance/Puskesmas_jember/public/index.php(37): CodeIgniter\CodeIgniter->run()
#9 /home/manggala/freelance/Puskesmas_jember/vendor/codeigniter4/framework/system/Commands/Server/rewrite.php(43): require_once('...')
#10 {main}
CRITICAL - 2024-02-20 07:00:22 --> Attempt to read property "name" on string
#0 /home/manggala/freelance/Puskesmas_jember/app/Views/datamaster/pasien.php(39): CodeIgniter\Debug\Exceptions->errorHandler()
#1 /home/manggala/freelance/Puskesmas_jember/vendor/codeigniter4/framework/system/View/View.php(214): include('...')
#2 /home/manggala/freelance/Puskesmas_jember/vendor/codeigniter4/framework/system/View/View.php(217): CodeIgniter\View\View->CodeIgniter\View\{closure}()
#3 /home/manggala/freelance/Puskesmas_jember/vendor/codeigniter4/framework/system/Common.php(1097): CodeIgniter\View\View->render()
#4 /home/manggala/freelance/Puskesmas_jember/app/Controllers/Masterdata.php(12): view()
#5 /home/manggala/freelance/Puskesmas_jember/vendor/codeigniter4/framework/system/CodeIgniter.php(824): App\Controllers\Masterdata->pasien()
#6 /home/manggala/freelance/Puskesmas_jember/vendor/codeigniter4/framework/system/CodeIgniter.php(410): CodeIgniter\CodeIgniter->runController()
#7 /home/manggala/freelance/Puskesmas_jember/vendor/codeigniter4/framework/system/CodeIgniter.php(318): CodeIgniter\CodeIgniter->handleRequest()
#8 /home/manggala/freelance/Puskesmas_jember/public/index.php(37): CodeIgniter\CodeIgniter->run()
#9 /home/manggala/freelance/Puskesmas_jember/vendor/codeigniter4/framework/system/Commands/Server/rewrite.php(43): require_once('...')
#10 {main}
CRITICAL - 2024-02-20 07:00:33 --> Cannot access offset of type string on string
#0 /home/manggala/freelance/Puskesmas_jember/vendor/codeigniter4/framework/system/View/View.php(214): include()
#1 /home/manggala/freelance/Puskesmas_jember/vendor/codeigniter4/framework/system/View/View.php(217): CodeIgniter\View\View->CodeIgniter\View\{closure}()
#2 /home/manggala/freelance/Puskesmas_jember/vendor/codeigniter4/framework/system/Common.php(1097): CodeIgniter\View\View->render()
#3 /home/manggala/freelance/Puskesmas_jember/app/Controllers/Masterdata.php(12): view()
#4 /home/manggala/freelance/Puskesmas_jember/vendor/codeigniter4/framework/system/CodeIgniter.php(824): App\Controllers\Masterdata->pasien()
#5 /home/manggala/freelance/Puskesmas_jember/vendor/codeigniter4/framework/system/CodeIgniter.php(410): CodeIgniter\CodeIgniter->runController()
#6 /home/manggala/freelance/Puskesmas_jember/vendor/codeigniter4/framework/system/CodeIgniter.php(318): CodeIgniter\CodeIgniter->handleRequest()
#7 /home/manggala/freelance/Puskesmas_jember/public/index.php(37): CodeIgniter\CodeIgniter->run()
#8 /home/manggala/freelance/Puskesmas_jember/vendor/codeigniter4/framework/system/Commands/Server/rewrite.php(43): require_once('...')
#9 {main}
CRITICAL - 2024-02-20 07:00:47 --> Array to string conversion
#0 /home/manggala/freelance/Puskesmas_jember/app/Views/datamaster/pasien.php(52): CodeIgniter\Debug\Exceptions->errorHandler()
#1 /home/manggala/freelance/Puskesmas_jember/vendor/codeigniter4/framework/system/View/View.php(214): include('...')
#2 /home/manggala/freelance/Puskesmas_jember/vendor/codeigniter4/framework/system/View/View.php(217): CodeIgniter\View\View->CodeIgniter\View\{closure}()
#3 /home/manggala/freelance/Puskesmas_jember/vendor/codeigniter4/framework/system/Common.php(1097): CodeIgniter\View\View->render()
#4 /home/manggala/freelance/Puskesmas_jember/app/Controllers/Masterdata.php(12): view()
#5 /home/manggala/freelance/Puskesmas_jember/vendor/codeigniter4/framework/system/CodeIgniter.php(824): App\Controllers\Masterdata->pasien()
#6 /home/manggala/freelance/Puskesmas_jember/vendor/codeigniter4/framework/system/CodeIgniter.php(410): CodeIgniter\CodeIgniter->runController()
#7 /home/manggala/freelance/Puskesmas_jember/vendor/codeigniter4/framework/system/CodeIgniter.php(318): CodeIgniter\CodeIgniter->handleRequest()
#8 /home/manggala/freelance/Puskesmas_jember/public/index.php(37): CodeIgniter\CodeIgniter->run()
#9 /home/manggala/freelance/Puskesmas_jember/vendor/codeigniter4/framework/system/Commands/Server/rewrite.php(43): require_once('...')
#10 {main}
CRITICAL - 2024-02-20 07:01:17 --> Undefined array key "name"
#0 /home/manggala/freelance/Puskesmas_jember/app/Views/datamaster/pasien.php(53): CodeIgniter\Debug\Exceptions->errorHandler()
#1 /home/manggala/freelance/Puskesmas_jember/vendor/codeigniter4/framework/system/View/View.php(214): include('...')
#2 /home/manggala/freelance/Puskesmas_jember/vendor/codeigniter4/framework/system/View/View.php(217): CodeIgniter\View\View->CodeIgniter\View\{closure}()
#3 /home/manggala/freelance/Puskesmas_jember/vendor/codeigniter4/framework/system/Common.php(1097): CodeIgniter\View\View->render()
#4 /home/manggala/freelance/Puskesmas_jember/app/Controllers/Masterdata.php(12): view()
#5 /home/manggala/freelance/Puskesmas_jember/vendor/codeigniter4/framework/system/CodeIgniter.php(824): App\Controllers\Masterdata->pasien()
#6 /home/manggala/freelance/Puskesmas_jember/vendor/codeigniter4/framework/system/CodeIgniter.php(410): CodeIgniter\CodeIgniter->runController()
#7 /home/manggala/freelance/Puskesmas_jember/vendor/codeigniter4/framework/system/CodeIgniter.php(318): CodeIgniter\CodeIgniter->handleRequest()
#8 /home/manggala/freelance/Puskesmas_jember/public/index.php(37): CodeIgniter\CodeIgniter->run()
#9 /home/manggala/freelance/Puskesmas_jember/vendor/codeigniter4/framework/system/Commands/Server/rewrite.php(43): require_once('...')
#10 {main}
CRITICAL - 2024-02-20 07:01:29 --> Attempt to read property "name" on array
#0 /home/manggala/freelance/Puskesmas_jember/app/Views/datamaster/pasien.php(53): CodeIgniter\Debug\Exceptions->errorHandler()
#1 /home/manggala/freelance/Puskesmas_jember/vendor/codeigniter4/framework/system/View/View.php(214): include('...')
#2 /home/manggala/freelance/Puskesmas_jember/vendor/codeigniter4/framework/system/View/View.php(217): CodeIgniter\View\View->CodeIgniter\View\{closure}()
#3 /home/manggala/freelance/Puskesmas_jember/vendor/codeigniter4/framework/system/Common.php(1097): CodeIgniter\View\View->render()
#4 /home/manggala/freelance/Puskesmas_jember/app/Controllers/Masterdata.php(12): view()
#5 /home/manggala/freelance/Puskesmas_jember/vendor/codeigniter4/framework/system/CodeIgniter.php(824): App\Controllers\Masterdata->pasien()
#6 /home/manggala/freelance/Puskesmas_jember/vendor/codeigniter4/framework/system/CodeIgniter.php(410): CodeIgniter\CodeIgniter->runController()
#7 /home/manggala/freelance/Puskesmas_jember/vendor/codeigniter4/framework/system/CodeIgniter.php(318): CodeIgniter\CodeIgniter->handleRequest()
#8 /home/manggala/freelance/Puskesmas_jember/public/index.php(37): CodeIgniter\CodeIgniter->run()
#9 /home/manggala/freelance/Puskesmas_jember/vendor/codeigniter4/framework/system/Commands/Server/rewrite.php(43): require_once('...')
#10 {main}
CRITICAL - 2024-02-20 07:02:05 --> Attempt to read property "id_rekammedis" on array
#0 /home/manggala/freelance/Puskesmas_jember/app/Models/PasienModel.php(52): CodeIgniter\Debug\Exceptions->errorHandler()
#1 /home/manggala/freelance/Puskesmas_jember/app/Views/datamaster/pasien.php(9): App\Models\PasienModel->last()
#2 /home/manggala/freelance/Puskesmas_jember/vendor/codeigniter4/framework/system/View/View.php(214): include('...')
#3 /home/manggala/freelance/Puskesmas_jember/vendor/codeigniter4/framework/system/View/View.php(217): CodeIgniter\View\View->CodeIgniter\View\{closure}()
#4 /home/manggala/freelance/Puskesmas_jember/vendor/codeigniter4/framework/system/Common.php(1097): CodeIgniter\View\View->render()
#5 /home/manggala/freelance/Puskesmas_jember/app/Controllers/Masterdata.php(12): view()
#6 /home/manggala/freelance/Puskesmas_jember/vendor/codeigniter4/framework/system/CodeIgniter.php(824): App\Controllers\Masterdata->pasien()
#7 /home/manggala/freelance/Puskesmas_jember/vendor/codeigniter4/framework/system/CodeIgniter.php(410): CodeIgniter\CodeIgniter->runController()
#8 /home/manggala/freelance/Puskesmas_jember/vendor/codeigniter4/framework/system/CodeIgniter.php(318): CodeIgniter\CodeIgniter->handleRequest()
#9 /home/manggala/freelance/Puskesmas_jember/public/index.php(37): CodeIgniter\CodeIgniter->run()
#10 /home/manggala/freelance/Puskesmas_jember/vendor/codeigniter4/framework/system/Commands/Server/rewrite.php(43): require_once('...')
#11 {main}
